<?xml version="1.0" encoding="UTF-8"?>
<coverage generated="1773372345971" clover="3.2.0">
  <project timestamp="1773372345971" name="All files">
    <metrics statements="30" coveredstatements="30" conditionals="24" coveredconditionals="21" methods="3" coveredmethods="3" elements="57" coveredelements="54" complexity="0" loc="30" ncloc="30" packages="1" files="2" classes="2"/>
    <file name="gatewayBalance.ts" path="D:\Proyek App\metabayn-Tauri\tauri\src\utils\gatewayBalance.ts">
      <metrics statements="11" coveredstatements="11" conditionals="8" coveredconditionals="8" methods="1" coveredmethods="1"/>
      <line num="1" count="1" type="cond" truecount="1" falsecount="0"/>
      <line num="2" count="10004" type="cond" truecount="1" falsecount="0"/>
      <line num="3" count="10004" type="cond" truecount="1" falsecount="0"/>
      <line num="4" count="2" type="stmt"/>
      <line num="5" count="2" type="cond" truecount="1" falsecount="0"/>
      <line num="6" count="10004" type="cond" truecount="1" falsecount="0"/>
      <line num="7" count="10004" type="cond" truecount="2" falsecount="0"/>
      <line num="8" count="10001" type="stmt"/>
      <line num="9" count="10001" type="cond" truecount="1" falsecount="0"/>
      <line num="10" count="1" type="stmt"/>
      <line num="11" count="1" type="stmt"/>
    </file>
    <file name="modelVisionFilter.ts" path="D:\Proyek App\metabayn-Tauri\tauri\src\utils\modelVisionFilter.ts">
      <metrics statements="19" coveredstatements="19" conditionals="16" coveredconditionals="13" methods="2" coveredmethods="2"/>
      <line num="3" count="1" type="cond" truecount="1" falsecount="0"/>
      <line num="4" count="12" type="cond" truecount="0" falsecount="1"/>
      <line num="5" count="12" type="cond" truecount="0" falsecount="1"/>
      <line num="6" count="12" type="cond" truecount="2" falsecount="0"/>
      <line num="7" count="10" type="stmt"/>
      <line num="8" count="10" type="stmt"/>
      <line num="9" count="10" type="cond" truecount="1" falsecount="0"/>
      <line num="10" count="10" type="cond" truecount="1" falsecount="0"/>
      <line num="11" count="8" type="cond" truecount="1" falsecount="0"/>
      <line num="12" count="8" type="cond" truecount="1" falsecount="0"/>
      <line num="13" count="7" type="cond" truecount="1" falsecount="0"/>
      <line num="14" count="5" type="cond" truecount="1" falsecount="0"/>
      <line num="15" count="4" type="cond" truecount="1" falsecount="0"/>
      <line num="16" count="3" type="cond" truecount="1" falsecount="0"/>
      <line num="17" count="3" type="stmt"/>
      <line num="19" count="12" type="stmt"/>
      <line num="21" count="1" type="cond" truecount="1" falsecount="0"/>
      <line num="22" count="1" type="cond" truecount="1" falsecount="1"/>
      <line num="23" count="1" type="stmt"/>
    </file>
  </project>
</coverage>
