{"D:\\Proyek App\\metabayn-Tauri\\tauri\\src\\utils\\gatewayBalance.ts": {"path":"D:\\Proyek App\\metabayn-Tauri\\tauri\\src\\utils\\gatewayBalance.ts","all":false,"statementMap":{"0":{"start":{"line":1,"column":0},"end":{"line":1,"column":97}},"1":{"start":{"line":2,"column":0},"end":{"line":2,"column":88}},"2":{"start":{"line":3,"column":0},"end":{"line":3,"column":38}},"3":{"start":{"line":4,"column":0},"end":{"line":4,"column":36}},"4":{"start":{"line":5,"column":0},"end":{"line":5,"column":3}},"5":{"start":{"line":6,"column":0},"end":{"line":6,"column":83}},"6":{"start":{"line":7,"column":0},"end":{"line":7,"column":50}},"7":{"start":{"line":8,"column":0},"end":{"line":8,"column":49}},"8":{"start":{"line":9,"column":0},"end":{"line":9,"column":3}},"9":{"start":{"line":10,"column":0},"end":{"line":10,"column":13}},"10":{"start":{"line":11,"column":0},"end":{"line":11,"column":1}}},"s":{"0":1,"1":10004,"2":10004,"3":2,"4":2,"5":10004,"6":10004,"7":10001,"8":10001,"9":1,"10":1},"branchMap":{"0":{"type":"branch","line":1,"loc":{"start":{"line":1,"column":7},"end":{"line":11,"column":1}},"locations":[{"start":{"line":1,"column":7},"end":{"line":11,"column":1}}]},"1":{"type":"branch","line":2,"loc":{"start":{"line":2,"column":39},"end":{"line":2,"column":87}},"locations":[{"start":{"line":2,"column":39},"end":{"line":2,"column":87}}]},"2":{"type":"branch","line":3,"loc":{"start":{"line":3,"column":37},"end":{"line":5,"column":3}},"locations":[{"start":{"line":3,"column":37},"end":{"line":5,"column":3}}]},"3":{"type":"branch","line":5,"loc":{"start":{"line":5,"column":2},"end":{"line":6,"column":58}},"locations":[{"start":{"line":5,"column":2},"end":{"line":6,"column":58}}]},"4":{"type":"branch","line":6,"loc":{"start":{"line":6,"column":35},"end":{"line":6,"column":82}},"locations":[{"start":{"line":6,"column":35},"end":{"line":6,"column":82}}]},"5":{"type":"branch","line":7,"loc":{"start":{"line":7,"column":30},"end":{"line":7,"column":49}},"locations":[{"start":{"line":7,"column":30},"end":{"line":7,"column":49}}]},"6":{"type":"branch","line":7,"loc":{"start":{"line":7,"column":49},"end":{"line":9,"column":3}},"locations":[{"start":{"line":7,"column":49},"end":{"line":9,"column":3}}]},"7":{"type":"branch","line":9,"loc":{"start":{"line":9,"column":2},"end":{"line":11,"column":1}},"locations":[{"start":{"line":9,"column":2},"end":{"line":11,"column":1}}]}},"b":{"0":[10004],"1":[10002],"2":[2],"3":[10002],"4":[1],"5":[10001],"6":[10001],"7":[1]},"fnMap":{"0":{"name":"resolveGatewayBalanceAfter","decl":{"start":{"line":1,"column":7},"end":{"line":11,"column":1}},"loc":{"start":{"line":1,"column":7},"end":{"line":11,"column":1}},"line":1}},"f":{"0":10004}}
,"D:\\Proyek App\\metabayn-Tauri\\tauri\\src\\utils\\modelVisionFilter.ts": {"path":"D:\\Proyek App\\metabayn-Tauri\\tauri\\src\\utils\\modelVisionFilter.ts","all":false,"statementMap":{"2":{"start":{"line":3,"column":0},"end":{"line":3,"column":63}},"3":{"start":{"line":4,"column":0},"end":{"line":4,"column":56}},"4":{"start":{"line":5,"column":0},"end":{"line":5,"column":24}},"5":{"start":{"line":6,"column":0},"end":{"line":6,"column":45}},"6":{"start":{"line":7,"column":0},"end":{"line":7,"column":10}},"7":{"start":{"line":8,"column":0},"end":{"line":8,"column":28}},"8":{"start":{"line":9,"column":0},"end":{"line":9,"column":25}},"9":{"start":{"line":10,"column":0},"end":{"line":10,"column":25}},"10":{"start":{"line":11,"column":0},"end":{"line":11,"column":30}},"11":{"start":{"line":12,"column":0},"end":{"line":12,"column":29}},"12":{"start":{"line":13,"column":0},"end":{"line":13,"column":28}},"13":{"start":{"line":14,"column":0},"end":{"line":14,"column":28}},"14":{"start":{"line":15,"column":0},"end":{"line":15,"column":30}},"15":{"start":{"line":16,"column":0},"end":{"line":16,"column":27}},"16":{"start":{"line":17,"column":0},"end":{"line":17,"column":27}},"18":{"start":{"line":19,"column":0},"end":{"line":19,"column":1}},"20":{"start":{"line":21,"column":0},"end":{"line":21,"column":73}},"21":{"start":{"line":22,"column":0},"end":{"line":22,"column":69}},"22":{"start":{"line":23,"column":0},"end":{"line":23,"column":1}}},"s":{"2":1,"3":12,"4":12,"5":12,"6":10,"7":10,"8":10,"9":10,"10":8,"11":8,"12":7,"13":5,"14":4,"15":3,"16":3,"18":12,"20":1,"21":1,"22":1},"branchMap":{"0":{"type":"branch","line":3,"loc":{"start":{"line":3,"column":7},"end":{"line":19,"column":1}},"locations":[{"start":{"line":3,"column":7},"end":{"line":19,"column":1}}]},"1":{"type":"branch","line":4,"loc":{"start":{"line":4,"column":20},"end":{"line":4,"column":33}},"locations":[{"start":{"line":4,"column":20},"end":{"line":4,"column":33}}]},"2":{"type":"branch","line":5,"loc":{"start":{"line":5,"column":11},"end":{"line":5,"column":24}},"locations":[{"start":{"line":5,"column":11},"end":{"line":5,"column":24}}]},"3":{"type":"branch","line":6,"loc":{"start":{"line":6,"column":32},"end":{"line":6,"column":45}},"locations":[{"start":{"line":6,"column":32},"end":{"line":6,"column":45}}]},"4":{"type":"branch","line":6,"loc":{"start":{"line":6,"column":39},"end":{"line":9,"column":25}},"locations":[{"start":{"line":6,"column":39},"end":{"line":9,"column":25}}]},"5":{"type":"branch","line":9,"loc":{"start":{"line":9,"column":21},"end":{"line":10,"column":25}},"locations":[{"start":{"line":9,"column":21},"end":{"line":10,"column":25}}]},"6":{"type":"branch","line":10,"loc":{"start":{"line":10,"column":21},"end":{"line":11,"column":30}},"locations":[{"start":{"line":10,"column":21},"end":{"line":11,"column":30}}]},"7":{"type":"branch","line":11,"loc":{"start":{"line":11,"column":26},"end":{"line":12,"column":29}},"locations":[{"start":{"line":11,"column":26},"end":{"line":12,"column":29}}]},"8":{"type":"branch","line":12,"loc":{"start":{"line":12,"column":25},"end":{"line":13,"column":28}},"locations":[{"start":{"line":12,"column":25},"end":{"line":13,"column":28}}]},"9":{"type":"branch","line":13,"loc":{"start":{"line":13,"column":24},"end":{"line":14,"column":28}},"locations":[{"start":{"line":13,"column":24},"end":{"line":14,"column":28}}]},"10":{"type":"branch","line":14,"loc":{"start":{"line":14,"column":24},"end":{"line":15,"column":30}},"locations":[{"start":{"line":14,"column":24},"end":{"line":15,"column":30}}]},"11":{"type":"branch","line":15,"loc":{"start":{"line":15,"column":26},"end":{"line":16,"column":27}},"locations":[{"start":{"line":15,"column":26},"end":{"line":16,"column":27}}]},"12":{"type":"branch","line":16,"loc":{"start":{"line":16,"column":23},"end":{"line":17,"column":27}},"locations":[{"start":{"line":16,"column":23},"end":{"line":17,"column":27}}]},"13":{"type":"branch","line":21,"loc":{"start":{"line":21,"column":7},"end":{"line":23,"column":1}},"locations":[{"start":{"line":21,"column":7},"end":{"line":23,"column":1}}]},"14":{"type":"branch","line":22,"loc":{"start":{"line":22,"column":10},"end":{"line":22,"column":25}},"locations":[{"start":{"line":22,"column":10},"end":{"line":22,"column":25}}]},"15":{"type":"branch","line":22,"loc":{"start":{"line":22,"column":32},"end":{"line":22,"column":67}},"locations":[{"start":{"line":22,"column":32},"end":{"line":22,"column":67}}]}},"b":{"0":[12],"1":[0],"2":[0],"3":[2],"4":[10],"5":[10],"6":[8],"7":[8],"8":[7],"9":[5],"10":[4],"11":[3],"12":[3],"13":[1],"14":[0],"15":[5]},"fnMap":{"0":{"name":"isVisionLikeModelId","decl":{"start":{"line":3,"column":7},"end":{"line":19,"column":1}},"loc":{"start":{"line":3,"column":7},"end":{"line":19,"column":1}},"line":3},"1":{"name":"filterVisionOnly","decl":{"start":{"line":21,"column":7},"end":{"line":23,"column":1}},"loc":{"start":{"line":21,"column":7},"end":{"line":23,"column":1}},"line":21}},"f":{"0":12,"1":1}}
}
